2025-08-15 13:20:47,868 - __main__ - ERROR - DISCORD_BOT_TOKEN environment variable is required!
2025-08-15 13:21:54,293 - __main__ - INFO - Starting keep-alive web server...
2025-08-15 13:21:54,293 - __main__ - INFO - Starting Discord bot...
2025-08-15 13:21:54,294 - discord.client - WARNING - PyNaCl is not installed, voice will NOT be supported
2025-08-15 13:21:54,296 - discord.client - INFO - logging in using static token
2025-08-15 13:21:54,309 - werkzeug - INFO - [31m[1mWARNING: This is a development server. Do not use it in a production deployment. Use a production WSGI server instead.[0m
 * Running on all addresses (0.0.0.0)
 * Running on http://127.0.0.1:5000
 * Running on http://172.31.69.98:5000
2025-08-15 13:21:54,310 - werkzeug - INFO - [33mPress CTRL+C to quit[0m
2025-08-15 13:21:54,769 - bot - INFO - Loaded cog: cogs.club_management
2025-08-15 13:21:54,772 - bot - INFO - Loaded cog: cogs.player_management
2025-08-15 13:21:54,775 - bot - INFO - Loaded cog: cogs.transfer_management
2025-08-15 13:21:54,781 - bot - INFO - Loaded cog: cogs.financial_management
2025-08-15 13:21:55,033 - bot - INFO - Synced 19 command(s)
2025-08-15 13:21:55,224 - werkzeug - INFO - 172.31.69.98 - - [15/Aug/2025 13:21:55] "GET / HTTP/1.1" 200 -
2025-08-15 13:21:55,402 - discord.gateway - INFO - Shard ID None has connected to Gateway (Session ID: 10d9382dfd76772d065f31c61b6abe83).
2025-08-15 13:21:57,406 - bot - INFO - RHL ASSISTANT#0956 has connected to Discord!
2025-08-15 13:21:57,406 - bot - INFO - Bot is in 1 guilds
2025-08-15 13:22:26,845 - werkzeug - INFO - 172.31.69.98 - - [15/Aug/2025 13:22:26] "GET / HTTP/1.1" 200 -
2025-08-15 13:22:44,577 - werkzeug - INFO - 127.0.0.1 - - [15/Aug/2025 13:22:44] "GET / HTTP/1.1" 200 -
2025-08-15 13:22:58,066 - werkzeug - INFO - 172.31.69.98 - - [15/Aug/2025 13:22:58] "GET / HTTP/1.1" 200 -
2025-08-15 13:23:29,269 - werkzeug - INFO - 172.31.69.98 - - [15/Aug/2025 13:23:29] "GET / HTTP/1.1" 200 -
2025-08-15 13:24:00,834 - werkzeug - INFO - 172.31.69.98 - - [15/Aug/2025 13:24:00] "GET / HTTP/1.1" 200 -
2025-08-15 13:24:32,831 - werkzeug - INFO - 172.31.69.98 - - [15/Aug/2025 13:24:32] "GET / HTTP/1.1" 200 -
2025-08-15 13:25:04,841 - werkzeug - INFO - 172.31.69.98 - - [15/Aug/2025 13:25:04] "GET / HTTP/1.1" 200 -
2025-08-15 13:25:36,832 - werkzeug - INFO - 172.31.69.98 - - [15/Aug/2025 13:25:36] "GET / HTTP/1.1" 200 -
2025-08-15 13:26:08,830 - werkzeug - INFO - 172.31.69.98 - - [15/Aug/2025 13:26:08] "GET / HTTP/1.1" 200 -
2025-08-15 13:26:40,836 - werkzeug - INFO - 172.31.69.98 - - [15/Aug/2025 13:26:40] "GET / HTTP/1.1" 200 -
2025-08-15 13:27:12,566 - werkzeug - INFO - 172.31.69.98 - - [15/Aug/2025 13:27:12] "GET / HTTP/1.1" 200 -
2025-08-15 13:27:43,844 - werkzeug - INFO - 172.31.69.98 - - [15/Aug/2025 13:27:43] "GET / HTTP/1.1" 200 -
2025-08-15 13:28:15,835 - werkzeug - INFO - 172.31.69.98 - - [15/Aug/2025 13:28:15] "GET / HTTP/1.1" 200 -
2025-08-15 13:28:47,835 - werkzeug - INFO - 172.31.69.98 - - [15/Aug/2025 13:28:47] "GET / HTTP/1.1" 200 -
2025-08-15 13:29:19,838 - werkzeug - INFO - 172.31.69.98 - - [15/Aug/2025 13:29:19] "GET / HTTP/1.1" 200 -
2025-08-15 13:29:51,842 - werkzeug - INFO - 172.31.69.98 - - [15/Aug/2025 13:29:51] "GET / HTTP/1.1" 200 -
2025-08-15 13:30:23,845 - werkzeug - INFO - 172.31.69.98 - - [15/Aug/2025 13:30:23] "GET / HTTP/1.1" 200 -
2025-08-15 13:30:55,065 - werkzeug - INFO - 172.31.69.98 - - [15/Aug/2025 13:30:55] "GET / HTTP/1.1" 200 -
2025-08-15 13:31:26,841 - werkzeug - INFO - 172.31.69.98 - - [15/Aug/2025 13:31:26] "GET / HTTP/1.1" 200 -
2025-08-15 13:31:58,833 - werkzeug - INFO - 172.31.69.98 - - [15/Aug/2025 13:31:58] "GET / HTTP/1.1" 200 -
2025-08-15 13:32:30,043 - werkzeug - INFO - 172.31.69.98 - - [15/Aug/2025 13:32:30] "GET / HTTP/1.1" 200 -
2025-08-15 13:33:01,260 - werkzeug - INFO - 172.31.69.98 - - [15/Aug/2025 13:33:01] "GET / HTTP/1.1" 200 -
2025-08-15 13:33:32,840 - werkzeug - INFO - 172.31.69.98 - - [15/Aug/2025 13:33:32] "GET / HTTP/1.1" 200 -
2025-08-15 13:34:04,842 - werkzeug - INFO - 172.31.69.98 - - [15/Aug/2025 13:34:04] "GET / HTTP/1.1" 200 -
2025-08-15 13:34:36,829 - werkzeug - INFO - 172.31.69.98 - - [15/Aug/2025 13:34:36] "GET / HTTP/1.1" 200 -
2025-08-15 13:35:08,031 - werkzeug - INFO - 172.31.69.98 - - [15/Aug/2025 13:35:08] "GET / HTTP/1.1" 200 -
2025-08-15 13:35:39,866 - werkzeug - INFO - 172.31.69.98 - - [15/Aug/2025 13:35:39] "GET / HTTP/1.1" 200 -
2025-08-15 13:36:11,844 - werkzeug - INFO - 172.31.69.98 - - [15/Aug/2025 13:36:11] "GET / HTTP/1.1" 200 -
2025-08-15 13:36:43,865 - werkzeug - INFO - 172.31.69.98 - - [15/Aug/2025 13:36:43] "GET / HTTP/1.1" 200 -
2025-08-15 13:37:15,861 - werkzeug - INFO - 172.31.69.98 - - [15/Aug/2025 13:37:15] "GET / HTTP/1.1" 200 -
2025-08-15 13:37:40,757 - __main__ - INFO - Starting keep-alive web server...
2025-08-15 13:37:40,757 - __main__ - INFO - Starting Discord bot...
2025-08-15 13:37:40,758 - discord.client - WARNING - PyNaCl is not installed, voice will NOT be supported
2025-08-15 13:37:40,760 - discord.client - INFO - logging in using static token
2025-08-15 13:37:40,780 - werkzeug - INFO - [31m[1mWARNING: This is a development server. Do not use it in a production deployment. Use a production WSGI server instead.[0m
 * Running on all addresses (0.0.0.0)
 * Running on http://127.0.0.1:5000
 * Running on http://172.31.69.98:5000
2025-08-15 13:37:40,780 - werkzeug - INFO - [33mPress CTRL+C to quit[0m
2025-08-15 13:37:41,176 - werkzeug - INFO - 172.31.69.98 - - [15/Aug/2025 13:37:41] "GET / HTTP/1.1" 200 -
2025-08-15 13:37:41,184 - bot - INFO - Loaded cog: cogs.club_management
2025-08-15 13:37:41,190 - bot - INFO - Loaded cog: cogs.player_management
2025-08-15 13:37:41,191 - bot - INFO - Loaded cog: cogs.transfer_management
2025-08-15 13:37:41,192 - bot - INFO - Loaded cog: cogs.financial_management
2025-08-15 13:37:41,196 - bot - INFO - Loaded cog: cogs.advanced_stats
2025-08-15 13:37:41,202 - bot - INFO - Loaded cog: cogs.admin_tools
2025-08-15 13:37:41,209 - bot - INFO - Loaded cog: cogs.enhanced_player_management
2025-08-15 13:37:41,527 - bot - INFO - Synced 37 command(s)
2025-08-15 13:37:41,738 - discord.gateway - INFO - Shard ID None has connected to Gateway (Session ID: d079631e61179fb4990ecbddde926564).
2025-08-15 13:37:43,742 - bot - INFO - RHL ASSISTANT#0956 has connected to Discord!
2025-08-15 13:37:43,742 - bot - INFO - Bot is in 1 guilds
2025-08-15 13:37:54,263 - werkzeug - INFO - 127.0.0.1 - - [15/Aug/2025 13:37:54] "GET / HTTP/1.1" 200 -
2025-08-15 13:38:12,830 - werkzeug - INFO - 172.31.69.98 - - [15/Aug/2025 13:38:12] "GET / HTTP/1.1" 200 -
2025-08-15 13:38:44,839 - werkzeug - INFO - 172.31.69.98 - - [15/Aug/2025 13:38:44] "GET / HTTP/1.1" 200 -
2025-08-15 13:39:16,835 - werkzeug - INFO - 172.31.69.98 - - [15/Aug/2025 13:39:16] "GET / HTTP/1.1" 200 -
2025-08-15 13:39:48,059 - werkzeug - INFO - 172.31.69.98 - - [15/Aug/2025 13:39:48] "GET / HTTP/1.1" 200 -
2025-08-15 13:40:19,259 - werkzeug - INFO - 172.31.69.98 - - [15/Aug/2025 13:40:19] "GET / HTTP/1.1" 200 -
2025-08-15 13:40:50,836 - werkzeug - INFO - 172.31.69.98 - - [15/Aug/2025 13:40:50] "GET / HTTP/1.1" 200 -
2025-08-15 13:41:22,834 - werkzeug - INFO - 172.31.69.98 - - [15/Aug/2025 13:41:22] "GET / HTTP/1.1" 200 -
2025-08-15 13:41:54,007 - werkzeug - INFO - 172.31.69.98 - - [15/Aug/2025 13:41:54] "GET / HTTP/1.1" 200 -
2025-08-15 13:42:25,841 - werkzeug - INFO - 172.31.69.98 - - [15/Aug/2025 13:42:25] "GET / HTTP/1.1" 200 -
2025-08-15 13:42:57,840 - werkzeug - INFO - 172.31.69.98 - - [15/Aug/2025 13:42:57] "GET / HTTP/1.1" 200 -
2025-08-15 13:43:29,830 - werkzeug - INFO - 172.31.69.98 - - [15/Aug/2025 13:43:29] "GET / HTTP/1.1" 200 -
2025-08-15 13:43:39,536 - __main__ - INFO - Starting keep-alive web server...
2025-08-15 13:43:39,536 - __main__ - INFO - Starting Discord bot...
2025-08-15 13:43:39,537 - discord.client - WARNING - PyNaCl is not installed, voice will NOT be supported
2025-08-15 13:43:39,538 - discord.client - INFO - logging in using static token
2025-08-15 13:43:39,550 - werkzeug - INFO - [31m[1mWARNING: This is a development server. Do not use it in a production deployment. Use a production WSGI server instead.[0m
 * Running on all addresses (0.0.0.0)
 * Running on http://127.0.0.1:5000
 * Running on http://172.31.69.98:5000
2025-08-15 13:43:39,550 - werkzeug - INFO - [33mPress CTRL+C to quit[0m
2025-08-15 13:43:39,936 - werkzeug - INFO - 172.31.69.98 - - [15/Aug/2025 13:43:39] "GET / HTTP/1.1" 200 -
2025-08-15 13:43:39,998 - bot - INFO - Loaded cog: cogs.club_management
2025-08-15 13:43:40,000 - bot - INFO - Loaded cog: cogs.player_management
2025-08-15 13:43:40,001 - bot - INFO - Loaded cog: cogs.transfer_management
2025-08-15 13:43:40,003 - bot - INFO - Loaded cog: cogs.financial_management
2025-08-15 13:43:40,004 - bot - INFO - Loaded cog: cogs.advanced_stats
2025-08-15 13:43:40,005 - bot - INFO - Loaded cog: cogs.admin_tools
2025-08-15 13:43:40,007 - bot - INFO - Loaded cog: cogs.enhanced_player_management
2025-08-15 13:43:40,012 - bot - INFO - Loaded cog: cogs.extra_commands
2025-08-15 13:43:40,017 - bot - INFO - Loaded cog: cogs.utility_commands
2025-08-15 13:43:40,347 - bot - INFO - Synced 49 command(s)
2025-08-15 13:43:40,602 - discord.gateway - INFO - Shard ID None has connected to Gateway (Session ID: b3e32e714689c6ad83dd11b6d4ff6fd3).
2025-08-15 13:43:42,605 - bot - INFO - RHL ASSISTANT#0956 has connected to Discord!
2025-08-15 13:43:42,605 - bot - INFO - Bot is in 1 guilds
2025-08-15 13:44:11,827 - werkzeug - INFO - 172.31.69.98 - - [15/Aug/2025 13:44:11] "GET / HTTP/1.1" 200 -
2025-08-15 13:44:22,168 - __main__ - INFO - Starting keep-alive web server...
2025-08-15 13:44:22,168 - __main__ - INFO - Starting Discord bot...
2025-08-15 13:44:22,169 - discord.client - WARNING - PyNaCl is not installed, voice will NOT be supported
2025-08-15 13:44:22,171 - discord.client - INFO - logging in using static token
2025-08-15 13:44:22,199 - werkzeug - INFO - [31m[1mWARNING: This is a development server. Do not use it in a production deployment. Use a production WSGI server instead.[0m
 * Running on all addresses (0.0.0.0)
 * Running on http://127.0.0.1:5000
 * Running on http://172.31.69.98:5000
2025-08-15 13:44:22,199 - werkzeug - INFO - [33mPress CTRL+C to quit[0m
2025-08-15 13:44:22,569 - werkzeug - INFO - 172.31.69.98 - - [15/Aug/2025 13:44:22] "GET / HTTP/1.1" 200 -
2025-08-15 13:44:22,593 - bot - INFO - Loaded cog: cogs.club_management
2025-08-15 13:44:22,595 - bot - INFO - Loaded cog: cogs.player_management
2025-08-15 13:44:22,596 - bot - INFO - Loaded cog: cogs.transfer_management
2025-08-15 13:44:22,597 - bot - INFO - Loaded cog: cogs.financial_management
2025-08-15 13:44:22,598 - bot - INFO - Loaded cog: cogs.advanced_stats
2025-08-15 13:44:22,602 - bot - INFO - Loaded cog: cogs.admin_tools
2025-08-15 13:44:22,603 - bot - INFO - Loaded cog: cogs.enhanced_player_management
2025-08-15 13:44:22,605 - bot - INFO - Loaded cog: cogs.extra_commands
2025-08-15 13:44:22,606 - bot - INFO - Loaded cog: cogs.utility_commands
2025-08-15 13:44:22,790 - werkzeug - INFO - 127.0.0.1 - - [15/Aug/2025 13:44:22] "GET / HTTP/1.1" 200 -
2025-08-15 13:44:22,934 - bot - INFO - Synced 49 command(s)
2025-08-15 13:44:23,181 - discord.gateway - INFO - Shard ID None has connected to Gateway (Session ID: ab541fff3d43913aa65fe30125592545).
2025-08-15 13:44:25,206 - bot - INFO - RHL ASSISTANT#0956 has connected to Discord!
2025-08-15 13:44:25,207 - bot - INFO - Bot is in 1 guilds
2025-08-15 13:44:53,840 - werkzeug - INFO - 172.31.69.98 - - [15/Aug/2025 13:44:53] "GET / HTTP/1.1" 200 -
2025-08-15 13:45:25,827 - werkzeug - INFO - 172.31.69.98 - - [15/Aug/2025 13:45:25] "GET / HTTP/1.1" 200 -
2025-08-15 13:45:57,844 - werkzeug - INFO - 172.31.69.98 - - [15/Aug/2025 13:45:57] "GET / HTTP/1.1" 200 -
2025-08-15 13:46:29,044 - werkzeug - INFO - 172.31.69.98 - - [15/Aug/2025 13:46:29] "GET / HTTP/1.1" 200 -
2025-08-15 13:47:00,230 - werkzeug - INFO - 172.31.69.98 - - [15/Aug/2025 13:47:00] "GET / HTTP/1.1" 200 -
2025-08-15 13:47:31,838 - werkzeug - INFO - 172.31.69.98 - - [15/Aug/2025 13:47:31] "GET / HTTP/1.1" 200 -
2025-08-15 13:48:03,516 - werkzeug - INFO - 172.31.69.98 - - [15/Aug/2025 13:48:03] "GET / HTTP/1.1" 200 -
2025-08-15 13:48:34,843 - werkzeug - INFO - 172.31.69.98 - - [15/Aug/2025 13:48:34] "GET / HTTP/1.1" 200 -
2025-08-15 13:49:06,833 - werkzeug - INFO - 172.31.69.98 - - [15/Aug/2025 13:49:06] "GET / HTTP/1.1" 200 -
2025-08-15 13:49:38,836 - werkzeug - INFO - 172.31.69.98 - - [15/Aug/2025 13:49:38] "GET / HTTP/1.1" 200 -
2025-08-15 13:50:11,382 - werkzeug - INFO - 172.31.69.98 - - [15/Aug/2025 13:50:11] "GET / HTTP/1.1" 200 -
2025-08-15 13:50:42,838 - werkzeug - INFO - 172.31.69.98 - - [15/Aug/2025 13:50:42] "GET / HTTP/1.1" 200 -
2025-08-15 13:51:04,728 - __main__ - INFO - Starting keep-alive web server...
2025-08-15 13:51:04,729 - __main__ - INFO - Starting Discord bot...
2025-08-15 13:51:04,730 - discord.client - WARNING - PyNaCl is not installed, voice will NOT be supported
2025-08-15 13:51:04,732 - discord.client - INFO - logging in using static token
2025-08-15 13:51:04,743 - werkzeug - INFO - [31m[1mWARNING: This is a development server. Do not use it in a production deployment. Use a production WSGI server instead.[0m
 * Running on all addresses (0.0.0.0)
 * Running on http://127.0.0.1:5000
 * Running on http://172.31.69.98:5000
2025-08-15 13:51:04,743 - werkzeug - INFO - [33mPress CTRL+C to quit[0m
2025-08-15 13:51:05,164 - werkzeug - INFO - 172.31.69.98 - - [15/Aug/2025 13:51:05] "GET / HTTP/1.1" 200 -
2025-08-15 13:51:05,170 - bot - INFO - Loaded cog: cogs.club_management
2025-08-15 13:51:05,171 - bot - INFO - Loaded cog: cogs.player_management
2025-08-15 13:51:05,172 - bot - INFO - Loaded cog: cogs.transfer_management
2025-08-15 13:51:05,173 - bot - INFO - Loaded cog: cogs.financial_management
2025-08-15 13:51:05,174 - bot - INFO - Loaded cog: cogs.advanced_stats
2025-08-15 13:51:05,176 - bot - INFO - Loaded cog: cogs.admin_tools
2025-08-15 13:51:05,177 - bot - INFO - Loaded cog: cogs.enhanced_player_management
2025-08-15 13:51:05,179 - bot - INFO - Loaded cog: cogs.extra_commands
2025-08-15 13:51:05,188 - bot - INFO - Loaded cog: cogs.utility_commands
2025-08-15 13:51:05,193 - bot - INFO - Loaded cog: cogs.visual_embeds
2025-08-15 13:51:05,475 - bot - INFO - Synced 58 command(s)
2025-08-15 13:51:05,814 - discord.gateway - INFO - Shard ID None has connected to Gateway (Session ID: 911e7ce0859ab95fd93fda683efe1c3c).
2025-08-15 13:51:07,830 - bot - INFO - RHL ASSISTANT#0956 has connected to Discord!
2025-08-15 13:51:07,830 - bot - INFO - Bot is in 1 guilds
2025-08-15 13:52:06,307 - __main__ - INFO - Starting keep-alive web server...
2025-08-15 13:52:06,309 - __main__ - INFO - Starting Discord bot...
2025-08-15 13:52:06,309 - discord.client - WARNING - PyNaCl is not installed, voice will NOT be supported
2025-08-15 13:52:06,313 - discord.client - INFO - logging in using static token
2025-08-15 13:52:06,324 - werkzeug - INFO - [31m[1mWARNING: This is a development server. Do not use it in a production deployment. Use a production WSGI server instead.[0m
 * Running on all addresses (0.0.0.0)
 * Running on http://127.0.0.1:5000
 * Running on http://172.31.90.162:5000
2025-08-15 13:52:06,324 - werkzeug - INFO - [33mPress CTRL+C to quit[0m
2025-08-15 13:52:06,752 - bot - INFO - Loaded cog: cogs.club_management
2025-08-15 13:52:06,754 - bot - INFO - Loaded cog: cogs.player_management
2025-08-15 13:52:06,756 - bot - INFO - Loaded cog: cogs.transfer_management
2025-08-15 13:52:06,758 - bot - INFO - Loaded cog: cogs.financial_management
2025-08-15 13:52:06,760 - bot - INFO - Loaded cog: cogs.advanced_stats
2025-08-15 13:52:06,762 - bot - INFO - Loaded cog: cogs.admin_tools
2025-08-15 13:52:06,764 - bot - INFO - Loaded cog: cogs.enhanced_player_management
2025-08-15 13:52:06,767 - bot - INFO - Loaded cog: cogs.extra_commands
2025-08-15 13:52:06,770 - bot - INFO - Loaded cog: cogs.utility_commands
2025-08-15 13:52:06,772 - bot - INFO - Loaded cog: cogs.visual_embeds
2025-08-15 13:52:07,025 - bot - INFO - Synced 58 command(s)
2025-08-15 13:52:07,364 - discord.gateway - INFO - Shard ID None has connected to Gateway (Session ID: b725ecdb82984a86a328f4b537e99318).
2025-08-15 13:52:07,392 - werkzeug - INFO - 127.0.0.1 - - [15/Aug/2025 13:52:07] "GET / HTTP/1.1" 200 -
2025-08-15 13:52:09,369 - bot - INFO - RHL ASSISTANT#0956 has connected to Discord!
2025-08-15 13:52:09,369 - bot - INFO - Bot is in 1 guilds
2025-08-15 13:52:10,829 - werkzeug - INFO - 172.31.90.162 - - [15/Aug/2025 13:52:10] "GET / HTTP/1.1" 200 -
2025-08-15 13:52:42,828 - werkzeug - INFO - 172.31.90.162 - - [15/Aug/2025 13:52:42] "GET / HTTP/1.1" 200 -
2025-08-15 13:53:14,834 - werkzeug - INFO - 172.31.90.162 - - [15/Aug/2025 13:53:14] "GET / HTTP/1.1" 200 -
2025-08-15 13:53:46,832 - werkzeug - INFO - 172.31.90.162 - - [15/Aug/2025 13:53:46] "GET / HTTP/1.1" 200 -
2025-08-15 13:54:18,835 - werkzeug - INFO - 172.31.90.162 - - [15/Aug/2025 13:54:18] "GET / HTTP/1.1" 200 -
2025-08-15 13:54:50,831 - werkzeug - INFO - 172.31.90.162 - - [15/Aug/2025 13:54:50] "GET / HTTP/1.1" 200 -
2025-08-15 13:55:22,842 - werkzeug - INFO - 172.31.90.162 - - [15/Aug/2025 13:55:22] "GET / HTTP/1.1" 200 -
2025-08-15 13:55:54,833 - werkzeug - INFO - 172.31.90.162 - - [15/Aug/2025 13:55:54] "GET / HTTP/1.1" 200 -
2025-08-15 13:56:26,846 - werkzeug - INFO - 172.31.90.162 - - [15/Aug/2025 13:56:26] "GET / HTTP/1.1" 200 -
2025-08-15 13:56:58,839 - werkzeug - INFO - 172.31.90.162 - - [15/Aug/2025 13:56:58] "GET / HTTP/1.1" 200 -
2025-08-15 13:57:30,830 - werkzeug - INFO - 172.31.90.162 - - [15/Aug/2025 13:57:30] "GET / HTTP/1.1" 200 -
2025-08-15 13:58:02,845 - werkzeug - INFO - 172.31.90.162 - - [15/Aug/2025 13:58:02] "GET / HTTP/1.1" 200 -
2025-08-15 13:58:34,129 - werkzeug - INFO - 172.31.90.162 - - [15/Aug/2025 13:58:34] "GET / HTTP/1.1" 200 -
2025-08-15 13:59:05,834 - werkzeug - INFO - 172.31.90.162 - - [15/Aug/2025 13:59:05] "GET / HTTP/1.1" 200 -
2025-08-15 13:59:37,842 - werkzeug - INFO - 172.31.90.162 - - [15/Aug/2025 13:59:37] "GET / HTTP/1.1" 200 -
2025-08-15 14:00:09,849 - werkzeug - INFO - 172.31.90.162 - - [15/Aug/2025 14:00:09] "GET / HTTP/1.1" 200 -
2025-08-15 14:00:30,712 - discord.app_commands.tree - ERROR - Ignoring exception in command 'custom_embed'
Traceback (most recent call last):
  File "/home/runner/workspace/.pythonlibs/lib/python3.11/site-packages/discord/app_commands/commands.py", line 857, in _do_call
    return await self._callback(self.binding, interaction, **params)  # type: ignore
           ^^^^^^^^^^^^^^^^^^^^^^^^^^^^^^^^^^^^^^^^^^^^^^^^^^^^^^^^^
  File "/home/runner/workspace/cogs/utility_commands.py", line 435, in custom_embed
    description=description or discord.Embed.Empty,
                               ^^^^^^^^^^^^^^^^^^^
AttributeError: type object 'Embed' has no attribute 'Empty'

The above exception was the direct cause of the following exception:

Traceback (most recent call last):
  File "/home/runner/workspace/.pythonlibs/lib/python3.11/site-packages/discord/app_commands/tree.py", line 1310, in _call
    await command._invoke_with_namespace(interaction, namespace)
  File "/home/runner/workspace/.pythonlibs/lib/python3.11/site-packages/discord/app_commands/commands.py", line 883, in _invoke_with_namespace
    return await self._do_call(interaction, transformed_values)
           ^^^^^^^^^^^^^^^^^^^^^^^^^^^^^^^^^^^^^^^^^^^^^^^^^^^^
  File "/home/runner/workspace/.pythonlibs/lib/python3.11/site-packages/discord/app_commands/commands.py", line 876, in _do_call
    raise CommandInvokeError(self, e) from e
discord.app_commands.errors.CommandInvokeError: Command 'custom_embed' raised an exception: AttributeError: type object 'Embed' has no attribute 'Empty'
2025-08-15 14:00:41,828 - werkzeug - INFO - 172.31.90.162 - - [15/Aug/2025 14:00:41] "GET / HTTP/1.1" 200 -
2025-08-15 14:00:42,567 - discord.app_commands.tree - ERROR - Ignoring exception in command 'custom_embed'
Traceback (most recent call last):
  File "/home/runner/workspace/.pythonlibs/lib/python3.11/site-packages/discord/app_commands/commands.py", line 857, in _do_call
    return await self._callback(self.binding, interaction, **params)  # type: ignore
           ^^^^^^^^^^^^^^^^^^^^^^^^^^^^^^^^^^^^^^^^^^^^^^^^^^^^^^^^^
  File "/home/runner/workspace/cogs/utility_commands.py", line 434, in custom_embed
    title=title or discord.Embed.Empty,
                   ^^^^^^^^^^^^^^^^^^^
AttributeError: type object 'Embed' has no attribute 'Empty'

The above exception was the direct cause of the following exception:

Traceback (most recent call last):
  File "/home/runner/workspace/.pythonlibs/lib/python3.11/site-packages/discord/app_commands/tree.py", line 1310, in _call
    await command._invoke_with_namespace(interaction, namespace)
  File "/home/runner/workspace/.pythonlibs/lib/python3.11/site-packages/discord/app_commands/commands.py", line 883, in _invoke_with_namespace
    return await self._do_call(interaction, transformed_values)
           ^^^^^^^^^^^^^^^^^^^^^^^^^^^^^^^^^^^^^^^^^^^^^^^^^^^^
  File "/home/runner/workspace/.pythonlibs/lib/python3.11/site-packages/discord/app_commands/commands.py", line 876, in _do_call
    raise CommandInvokeError(self, e) from e
discord.app_commands.errors.CommandInvokeError: Command 'custom_embed' raised an exception: AttributeError: type object 'Embed' has no attribute 'Empty'
2025-08-15 14:00:56,278 - discord.app_commands.tree - ERROR - Ignoring exception in command 'custom_embed'
Traceback (most recent call last):
  File "/home/runner/workspace/.pythonlibs/lib/python3.11/site-packages/discord/app_commands/commands.py", line 857, in _do_call
    return await self._callback(self.binding, interaction, **params)  # type: ignore
           ^^^^^^^^^^^^^^^^^^^^^^^^^^^^^^^^^^^^^^^^^^^^^^^^^^^^^^^^^
  File "/home/runner/workspace/cogs/utility_commands.py", line 435, in custom_embed
    description=description or discord.Embed.Empty,
                               ^^^^^^^^^^^^^^^^^^^
AttributeError: type object 'Embed' has no attribute 'Empty'

The above exception was the direct cause of the following exception:

Traceback (most recent call last):
  File "/home/runner/workspace/.pythonlibs/lib/python3.11/site-packages/discord/app_commands/tree.py", line 1310, in _call
    await command._invoke_with_namespace(interaction, namespace)
  File "/home/runner/workspace/.pythonlibs/lib/python3.11/site-packages/discord/app_commands/commands.py", line 883, in _invoke_with_namespace
    return await self._do_call(interaction, transformed_values)
           ^^^^^^^^^^^^^^^^^^^^^^^^^^^^^^^^^^^^^^^^^^^^^^^^^^^^
  File "/home/runner/workspace/.pythonlibs/lib/python3.11/site-packages/discord/app_commands/commands.py", line 876, in _do_call
    raise CommandInvokeError(self, e) from e
discord.app_commands.errors.CommandInvokeError: Command 'custom_embed' raised an exception: AttributeError: type object 'Embed' has no attribute 'Empty'
2025-08-15 14:01:13,842 - werkzeug - INFO - 172.31.90.162 - - [15/Aug/2025 14:01:13] "GET / HTTP/1.1" 200 -
2025-08-15 14:01:45,835 - werkzeug - INFO - 172.31.90.162 - - [15/Aug/2025 14:01:45] "GET / HTTP/1.1" 200 -
2025-08-15 14:02:17,840 - werkzeug - INFO - 172.31.90.162 - - [15/Aug/2025 14:02:17] "GET / HTTP/1.1" 200 -
2025-08-15 14:02:49,838 - werkzeug - INFO - 172.31.90.162 - - [15/Aug/2025 14:02:49] "GET / HTTP/1.1" 200 -
2025-08-15 14:03:21,833 - werkzeug - INFO - 172.31.90.162 - - [15/Aug/2025 14:03:21] "GET / HTTP/1.1" 200 -
2025-08-15 14:03:53,840 - werkzeug - INFO - 172.31.90.162 - - [15/Aug/2025 14:03:53] "GET / HTTP/1.1" 200 -
2025-08-15 14:04:25,840 - werkzeug - INFO - 172.31.90.162 - - [15/Aug/2025 14:04:25] "GET / HTTP/1.1" 200 -
2025-08-15 14:04:57,847 - werkzeug - INFO - 172.31.90.162 - - [15/Aug/2025 14:04:57] "GET / HTTP/1.1" 200 -
2025-08-15 14:05:29,837 - werkzeug - INFO - 172.31.90.162 - - [15/Aug/2025 14:05:29] "GET / HTTP/1.1" 200 -
2025-08-15 14:06:01,834 - werkzeug - INFO - 172.31.90.162 - - [15/Aug/2025 14:06:01] "GET / HTTP/1.1" 200 -
2025-08-15 14:06:33,840 - werkzeug - INFO - 172.31.90.162 - - [15/Aug/2025 14:06:33] "GET / HTTP/1.1" 200 -
2025-08-15 14:07:05,101 - werkzeug - INFO - 172.31.90.162 - - [15/Aug/2025 14:07:05] "GET / HTTP/1.1" 200 -
2025-08-15 14:07:36,392 - werkzeug - INFO - 172.31.90.162 - - [15/Aug/2025 14:07:36] "GET / HTTP/1.1" 200 -
2025-08-15 14:08:07,684 - werkzeug - INFO - 172.31.90.162 - - [15/Aug/2025 14:08:07] "GET / HTTP/1.1" 200 -
2025-08-15 14:08:38,991 - werkzeug - INFO - 172.31.90.162 - - [15/Aug/2025 14:08:38] "GET / HTTP/1.1" 200 -
2025-08-15 14:09:05,860 - __main__ - INFO - Starting keep-alive web server...
2025-08-15 14:09:05,865 - __main__ - INFO - Starting Discord bot...
2025-08-15 14:09:05,867 - discord.client - WARNING - PyNaCl is not installed, voice will NOT be supported
2025-08-15 14:09:05,868 - discord.client - INFO - logging in using static token
2025-08-15 14:09:05,875 - werkzeug - INFO - [31m[1mWARNING: This is a development server. Do not use it in a production deployment. Use a production WSGI server instead.[0m
 * Running on all addresses (0.0.0.0)
 * Running on http://127.0.0.1:5000
 * Running on http://172.31.90.162:5000
2025-08-15 14:09:05,876 - werkzeug - INFO - [33mPress CTRL+C to quit[0m
2025-08-15 14:09:06,299 - werkzeug - INFO - 172.31.90.162 - - [15/Aug/2025 14:09:06] "GET / HTTP/1.1" 200 -
2025-08-15 14:09:06,373 - bot - INFO - Loaded cog: cogs.club_management
2025-08-15 14:09:06,376 - bot - INFO - Loaded cog: cogs.player_management
2025-08-15 14:09:06,379 - bot - INFO - Loaded cog: cogs.transfer_management
2025-08-15 14:09:06,382 - bot - INFO - Loaded cog: cogs.financial_management
2025-08-15 14:09:06,386 - bot - INFO - Loaded cog: cogs.advanced_stats
2025-08-15 14:09:06,388 - bot - INFO - Loaded cog: cogs.admin_tools
2025-08-15 14:09:06,392 - bot - INFO - Loaded cog: cogs.enhanced_player_management
2025-08-15 14:09:06,400 - bot - INFO - Loaded cog: cogs.extra_commands
2025-08-15 14:09:06,421 - bot - INFO - Loaded cog: cogs.utility_commands
2025-08-15 14:09:06,426 - bot - INFO - Loaded cog: cogs.visual_embeds
2025-08-15 14:09:06,769 - bot - INFO - Synced 59 command(s)
2025-08-15 14:09:07,251 - discord.gateway - INFO - Shard ID None has connected to Gateway (Session ID: 44881ffef85fbf5942913618008fbfca).
2025-08-15 14:09:09,255 - bot - INFO - RHL ASSISTANT#0956 has connected to Discord!
2025-08-15 14:09:09,255 - bot - INFO - Bot is in 1 guilds
2025-08-15 14:09:37,681 - werkzeug - INFO - 172.31.90.162 - - [15/Aug/2025 14:09:37] "GET / HTTP/1.1" 200 -
2025-08-15 14:09:55,411 - __main__ - INFO - Starting keep-alive web server...
2025-08-15 14:09:55,412 - __main__ - INFO - Starting Discord bot...
2025-08-15 14:09:55,412 - discord.client - WARNING - PyNaCl is not installed, voice will NOT be supported
2025-08-15 14:09:55,413 - discord.client - INFO - logging in using static token
2025-08-15 14:09:55,422 - werkzeug - INFO - [31m[1mWARNING: This is a development server. Do not use it in a production deployment. Use a production WSGI server instead.[0m
 * Running on all addresses (0.0.0.0)
 * Running on http://127.0.0.1:5000
 * Running on http://172.31.90.162:5000
2025-08-15 14:09:55,423 - werkzeug - INFO - [33mPress CTRL+C to quit[0m
2025-08-15 14:09:55,864 - bot - INFO - Loaded cog: cogs.club_management
2025-08-15 14:09:55,865 - bot - INFO - Loaded cog: cogs.player_management
2025-08-15 14:09:55,866 - bot - INFO - Loaded cog: cogs.transfer_management
2025-08-15 14:09:55,867 - bot - INFO - Loaded cog: cogs.financial_management
2025-08-15 14:09:55,869 - bot - INFO - Loaded cog: cogs.advanced_stats
2025-08-15 14:09:55,870 - bot - INFO - Loaded cog: cogs.admin_tools
2025-08-15 14:09:55,872 - bot - INFO - Loaded cog: cogs.enhanced_player_management
2025-08-15 14:09:55,874 - bot - INFO - Loaded cog: cogs.extra_commands
2025-08-15 14:09:55,885 - bot - INFO - Loaded cog: cogs.utility_commands
2025-08-15 14:09:55,890 - werkzeug - INFO - 172.31.90.162 - - [15/Aug/2025 14:09:55] "GET / HTTP/1.1" 200 -
2025-08-15 14:09:55,898 - bot - INFO - Loaded cog: cogs.visual_embeds
2025-08-15 14:09:56,330 - bot - INFO - Synced 59 command(s)
2025-08-15 14:09:56,601 - discord.gateway - INFO - Shard ID None has connected to Gateway (Session ID: 3a7c074d9a1b9d78206394ece16ddc41).
2025-08-15 14:09:58,605 - bot - INFO - RHL ASSISTANT#0956 has connected to Discord!
2025-08-15 14:09:58,605 - bot - INFO - Bot is in 1 guilds
2025-08-15 14:10:27,197 - werkzeug - INFO - 172.31.90.162 - - [15/Aug/2025 14:10:27] "GET / HTTP/1.1" 200 -
2025-08-15 14:10:35,569 - __main__ - INFO - Starting keep-alive web server...
2025-08-15 14:10:35,571 - __main__ - INFO - Starting Discord bot...
2025-08-15 14:10:35,573 - discord.client - WARNING - PyNaCl is not installed, voice will NOT be supported
2025-08-15 14:10:35,575 - discord.client - INFO - logging in using static token
2025-08-15 14:10:35,600 - werkzeug - INFO - [31m[1mWARNING: This is a development server. Do not use it in a production deployment. Use a production WSGI server instead.[0m
 * Running on all addresses (0.0.0.0)
 * Running on http://127.0.0.1:5000
 * Running on http://172.31.90.162:5000
2025-08-15 14:10:35,601 - werkzeug - INFO - [33mPress CTRL+C to quit[0m
2025-08-15 14:10:36,071 - werkzeug - INFO - 172.31.90.162 - - [15/Aug/2025 14:10:36] "GET / HTTP/1.1" 200 -
2025-08-15 14:10:36,093 - bot - INFO - Loaded cog: cogs.club_management
2025-08-15 14:10:36,099 - bot - INFO - Loaded cog: cogs.player_management
2025-08-15 14:10:36,101 - bot - INFO - Loaded cog: cogs.transfer_management
2025-08-15 14:10:36,104 - bot - INFO - Loaded cog: cogs.financial_management
2025-08-15 14:10:36,105 - bot - INFO - Loaded cog: cogs.advanced_stats
2025-08-15 14:10:36,107 - bot - INFO - Loaded cog: cogs.admin_tools
2025-08-15 14:10:36,109 - bot - INFO - Loaded cog: cogs.enhanced_player_management
2025-08-15 14:10:36,111 - bot - INFO - Loaded cog: cogs.extra_commands
2025-08-15 14:10:36,113 - bot - INFO - Loaded cog: cogs.utility_commands
2025-08-15 14:10:36,123 - bot - INFO - Loaded cog: cogs.visual_embeds
2025-08-15 14:10:36,432 - bot - INFO - Synced 59 command(s)
2025-08-15 14:10:36,645 - discord.gateway - INFO - Shard ID None has connected to Gateway (Session ID: a3cc5b23ab0ea1c10d9e2ed3295b3a37).
2025-08-15 14:10:38,649 - bot - INFO - RHL ASSISTANT#0956 has connected to Discord!
2025-08-15 14:10:38,649 - bot - INFO - Bot is in 1 guilds
2025-08-15 14:11:01,286 - __main__ - INFO - Starting keep-alive web server...
2025-08-15 14:11:01,289 - __main__ - INFO - Starting Discord bot...
2025-08-15 14:11:01,299 - discord.client - WARNING - PyNaCl is not installed, voice will NOT be supported
2025-08-15 14:11:01,304 - discord.client - INFO - logging in using static token
2025-08-15 14:11:01,341 - werkzeug - INFO - [31m[1mWARNING: This is a development server. Do not use it in a production deployment. Use a production WSGI server instead.[0m
 * Running on all addresses (0.0.0.0)
 * Running on http://127.0.0.1:5000
 * Running on http://172.31.90.162:5000
2025-08-15 14:11:01,341 - werkzeug - INFO - [33mPress CTRL+C to quit[0m
2025-08-15 14:11:01,766 - werkzeug - INFO - 172.31.90.162 - - [15/Aug/2025 14:11:01] "GET / HTTP/1.1" 200 -
2025-08-15 14:11:01,811 - bot - INFO - Loaded cog: cogs.club_management
2025-08-15 14:11:01,814 - bot - INFO - Loaded cog: cogs.player_management
2025-08-15 14:11:01,818 - bot - INFO - Loaded cog: cogs.transfer_management
2025-08-15 14:11:01,828 - bot - INFO - Loaded cog: cogs.financial_management
2025-08-15 14:11:01,829 - bot - INFO - Loaded cog: cogs.advanced_stats
2025-08-15 14:11:01,839 - bot - INFO - Loaded cog: cogs.admin_tools
2025-08-15 14:11:01,844 - bot - INFO - Loaded cog: cogs.enhanced_player_management
2025-08-15 14:11:01,846 - bot - INFO - Loaded cog: cogs.extra_commands
2025-08-15 14:11:01,858 - bot - INFO - Loaded cog: cogs.utility_commands
2025-08-15 14:11:01,861 - bot - INFO - Loaded cog: cogs.visual_embeds
2025-08-15 14:11:02,050 - werkzeug - INFO - 127.0.0.1 - - [15/Aug/2025 14:11:02] "GET / HTTP/1.1" 200 -
2025-08-15 14:11:33,830 - werkzeug - INFO - 172.31.90.162 - - [15/Aug/2025 14:11:33] "GET / HTTP/1.1" 200 -
2025-08-15 14:11:36,428 - bot - INFO - Synced 59 command(s)
2025-08-15 14:11:36,666 - discord.gateway - INFO - Shard ID None has connected to Gateway (Session ID: f746180fdfb99849fb22d2686192d75a).
2025-08-15 14:11:38,668 - bot - INFO - RHL ASSISTANT#0956 has connected to Discord!
2025-08-15 14:11:38,668 - bot - INFO - Bot is in 1 guilds
2025-08-15 14:12:05,919 - werkzeug - INFO - 172.31.90.162 - - [15/Aug/2025 14:12:05] "GET / HTTP/1.1" 200 -
2025-08-15 14:12:32,566 - utils.database - ERROR - Error reading data/clubs.json: [Errno 2] No such file or directory: 'data/clubs.json'
2025-08-15 14:12:32,567 - utils.database - ERROR - Error reading data/players.json: [Errno 2] No such file or directory: 'data/players.json'
2025-08-15 14:12:32,567 - utils.database - ERROR - Error reading data/transfers.json: [Errno 2] No such file or directory: 'data/transfers.json'
2025-08-15 14:12:37,840 - werkzeug - INFO - 172.31.90.162 - - [15/Aug/2025 14:12:37] "GET / HTTP/1.1" 200 -
2025-08-15 14:12:46,587 - utils.database - ERROR - Error reading data/clubs.json: [Errno 2] No such file or directory: 'data/clubs.json'
2025-08-15 14:12:46,587 - utils.database - ERROR - Error reading data/players.json: [Errno 2] No such file or directory: 'data/players.json'
2025-08-15 14:12:46,587 - utils.database - ERROR - Error reading data/transfers.json: [Errno 2] No such file or directory: 'data/transfers.json'
2025-08-15 14:13:09,891 - werkzeug - INFO - 172.31.90.162 - - [15/Aug/2025 14:13:09] "GET / HTTP/1.1" 200 -
2025-08-15 14:13:21,600 - utils.database - ERROR - Error reading data/players.json: [Errno 2] No such file or directory: 'data/players.json'
2025-08-15 14:13:41,836 - werkzeug - INFO - 172.31.90.162 - - [15/Aug/2025 14:13:41] "GET / HTTP/1.1" 200 -
2025-08-15 14:14:13,843 - werkzeug - INFO - 172.31.90.162 - - [15/Aug/2025 14:14:13] "GET / HTTP/1.1" 200 -
2025-08-15 14:14:45,858 - werkzeug - INFO - 172.31.90.162 - - [15/Aug/2025 14:14:45] "GET / HTTP/1.1" 200 -
2025-08-15 14:15:17,898 - werkzeug - INFO - 172.31.90.162 - - [15/Aug/2025 14:15:17] "GET / HTTP/1.1" 200 -
2025-08-15 14:15:50,830 - werkzeug - INFO - 172.31.90.162 - - [15/Aug/2025 14:15:50] "GET / HTTP/1.1" 200 -
2025-08-15 14:16:22,835 - werkzeug - INFO - 172.31.90.162 - - [15/Aug/2025 14:16:22] "GET / HTTP/1.1" 200 -
2025-08-15 14:16:54,844 - werkzeug - INFO - 172.31.90.162 - - [15/Aug/2025 14:16:54] "GET / HTTP/1.1" 200 -
2025-08-15 14:17:26,834 - werkzeug - INFO - 172.31.90.162 - - [15/Aug/2025 14:17:26] "GET / HTTP/1.1" 200 -
